<?xml version="1.0" encoding="utf-8"?><testsuite errors="0" failures="0" name="pytest" skips="0" tests="20" time="84.852"><testcase classname="load_tests.ramp_test" file="load_tests\ramp_test.py" line="5" name="test_ramp[0]" time="0.4247250556945801"></testcase><testcase classname="load_tests.ramp_test" file="load_tests\ramp_test.py" line="5" name="test_ramp[1]" time="0.8079826831817627"></testcase><testcase classname="load_tests.ramp_test" file="load_tests\ramp_test.py" line="5" name="test_ramp[2]" time="1.2102560997009277"></testcase><testcase classname="load_tests.ramp_test" file="load_tests\ramp_test.py" line="5" name="test_ramp[3]" time="1.6111018657684326"></testcase><testcase classname="load_tests.ramp_test" file="load_tests\ramp_test.py" line="5" name="test_ramp[4]" time="2.0217654705047607"></testcase><testcase classname="load_tests.ramp_test" file="load_tests\ramp_test.py" line="5" name="test_ramp[5]" time="2.4308722019195557"></testcase><testcase classname="load_tests.ramp_test" file="load_tests\ramp_test.py" line="5" name="test_ramp[6]" time="2.836921215057373"></testcase><testcase classname="load_tests.ramp_test" file="load_tests\ramp_test.py" line="5" name="test_ramp[7]" time="3.2330920696258545"></testcase><testcase classname="load_tests.ramp_test" file="load_tests\ramp_test.py" line="5" name="test_ramp[8]" time="3.6294453144073486"></testcase><testcase classname="load_tests.ramp_test" file="load_tests\ramp_test.py" line="5" name="test_ramp[9]" time="4.0196287631988525"></testcase><testcase classname="load_tests.ramp_test" file="load_tests\ramp_test.py" line="5" name="test_ramp[10]" time="4.412862777709961"></testcase><testcase classname="load_tests.ramp_test" file="load_tests\ramp_test.py" line="5" name="test_ramp[11]" time="4.811872482299805"></testcase><testcase classname="load_tests.ramp_test" file="load_tests\ramp_test.py" line="5" name="test_ramp[12]" time="5.218526124954224"></testcase><testcase classname="load_tests.ramp_test" file="load_tests\ramp_test.py" line="5" name="test_ramp[13]" time="5.790645122528076"></testcase><testcase classname="load_tests.ramp_test" file="load_tests\ramp_test.py" line="5" name="test_ramp[14]" time="6.0272955894470215"></testcase><testcase classname="load_tests.ramp_test" file="load_tests\ramp_test.py" line="5" name="test_ramp[15]" time="6.452259063720703"></testcase><testcase classname="load_tests.ramp_test" file="load_tests\ramp_test.py" line="5" name="test_ramp[16]" time="6.823140382766724"></testcase><testcase classname="load_tests.ramp_test" file="load_tests\ramp_test.py" line="5" name="test_ramp[17]" time="7.240185737609863"></testcase><testcase classname="load_tests.ramp_test" file="load_tests\ramp_test.py" line="5" name="test_ramp[18]" time="7.623406171798706"></testcase><testcase classname="load_tests.ramp_test" file="load_tests\ramp_test.py" line="5" name="test_ramp[19]" time="8.022774696350098"></testcase></testsuite>